<?xml version="1.0" encoding="UTF-8"?>
<!-- Generated by org.testng.reporters.JUnitXMLReporter -->
<testsuite ignored="1" hostname="DESKTOP-2L7QON7" failures="0" tests="1" name="Default test" time="24.464" errors="0" timestamp="2023-07-17T20:30:36 IST">
  <testcase classname="com.testng.demo.SeleniumMethodsDemo8" name="launchAppinTabs" time="19.875"/>
  <testcase classname="com.testng.demo.SeleniumMethodsDemo8" name="launchAppinWindows" time="0.0">
    <ignored/>
  </testcase> <!-- launchAppinWindows -->
</testsuite> <!-- Default test -->
