<?xml version="1.0" encoding="UTF-8"?>
<!-- Generated by org.testng.reporters.JUnitXMLReporter -->
<testsuite ignored="0" hostname="DESKTOP-2L7QON7" failures="0" tests="4" name="Regression1" time="41.087" errors="0" timestamp="2023-06-27T20:09:31 IST">
  <testcase classname="com.testng.demo.TestNGDemo" name="launchRediffEmailI" time="6.174"/>
  <testcase classname="com.testng.demo.TestNGDemo" name="launchSpeakLangI" time="7.982"/>
  <testcase classname="com.testng.demo.TestNGDemo2" name="launchRediffEmailII" time="6.563"/>
  <testcase classname="com.testng.demo.TestNGDemo2" name="launchSpeakLangII" time="7.273"/>
</testsuite> <!-- Regression1 -->
