<?xml version="1.0" encoding="UTF-8"?>
<!-- Generated by org.testng.reporters.JUnitXMLReporter -->
<testsuite ignored="1" hostname="DESKTOP-2L7QON7" failures="0" tests="1" name="Regression1" time="0.129" errors="0" timestamp="2023-06-29T20:06:12 IST">
  <testcase classname="com.testng.demo.TestNGDemo" name="@BeforeMethod beforeMethod" time="0.01">
    <failure type="java.lang.NullPointerException">
      <![CDATA[java.lang.NullPointerException
at com.testng.demo.TestNGDemo.beforeMethod(TestNGDemo.java:47)
at java.base/java.util.ArrayList.forEach(ArrayList.java:1541)
... Removed 31 stack frames]]>
    </failure>
  </testcase> <!-- @BeforeMethod beforeMethod -->
  <testcase classname="com.testng.demo.TestNGDemo" name="@AfterMethod afterMethod" time="0.0">
    <failure type="java.lang.NullPointerException">
      <![CDATA[java.lang.NullPointerException
at com.testng.demo.TestNGDemo.afterMethod(TestNGDemo.java:65)
at java.base/java.util.ArrayList.forEach(ArrayList.java:1541)
... Removed 32 stack frames]]>
    </failure>
  </testcase> <!-- @AfterMethod afterMethod -->
  <testcase classname="com.testng.demo.TestNGDemo" name="launchRediffEmailI" time="0.0">
    <skipped/>
  </testcase> <!-- launchRediffEmailI -->
  <testcase classname="com.testng.demo.TestNGDemo" name="launchSpeakLangI" time="0.0">
    <ignored/>
  </testcase> <!-- launchSpeakLangI -->
</testsuite> <!-- Regression1 -->
