<?xml version="1.0" encoding="UTF-8"?>
<testng-results ignored="0" total="1" passed="1" failed="0" skipped="0">
  <reporter-output>
  </reporter-output>
  <suite started-at="2023-07-07T20:42:14 IST" name="Default suite" finished-at="2023-07-07T20:42:32 IST" duration-ms="18676">
    <groups>
    </groups>
    <test started-at="2023-07-07T20:42:14 IST" name="Default test" finished-at="2023-07-07T20:42:32 IST" duration-ms="18676">
      <class name="com.testng.demo.TestNGDemo3">
        <test-method is-config="true" signature="beforeMethod()[pri:0, instance:com.testng.demo.TestNGDemo3@28f2a10f]" started-at="2023-07-07T20:42:14 IST" name="beforeMethod" finished-at="2023-07-07T20:42:16 IST" duration-ms="2718" status="PASS">
          <reporter-output>
          </reporter-output>
        </test-method> <!-- beforeMethod -->
        <test-method signature="launchMyApp()[pri:0, instance:com.testng.demo.TestNGDemo3@28f2a10f]" started-at="2023-07-07T20:42:16 IST" name="launchMyApp" finished-at="2023-07-07T20:42:31 IST" duration-ms="14904" status="PASS">
          <reporter-output>
          </reporter-output>
        </test-method> <!-- launchMyApp -->
        <test-method is-config="true" signature="afterMethod()[pri:0, instance:com.testng.demo.TestNGDemo3@28f2a10f]" started-at="2023-07-07T20:42:31 IST" name="afterMethod" finished-at="2023-07-07T20:42:32 IST" duration-ms="1015" status="PASS">
          <reporter-output>
          </reporter-output>
        </test-method> <!-- afterMethod -->
      </class> <!-- com.testng.demo.TestNGDemo3 -->
    </test> <!-- Default test -->
  </suite> <!-- Default suite -->
</testng-results>
