<?xml version="1.0" encoding="UTF-8"?>
<testng-results ignored="0" total="1" passed="1" failed="0" skipped="0">
  <reporter-output>
  </reporter-output>
  <suite started-at="2023-06-30T20:21:37 IST" name="Default suite" finished-at="2023-06-30T20:21:52 IST" duration-ms="14353">
    <groups>
    </groups>
    <test started-at="2023-06-30T20:21:37 IST" name="Default test" finished-at="2023-06-30T20:21:52 IST" duration-ms="14353">
      <class name="com.selenium.demo.SeleniumLocatorsDemo2">
        <test-method is-config="true" signature="beforeMethod()[pri:0, instance:com.selenium.demo.SeleniumLocatorsDemo2@20ccf40b]" started-at="2023-06-30T20:21:37 IST" name="beforeMethod" finished-at="2023-06-30T20:21:40 IST" duration-ms="2608" status="PASS">
          <reporter-output>
          </reporter-output>
        </test-method> <!-- beforeMethod -->
        <test-method signature="locatorsDemo()[pri:0, instance:com.selenium.demo.SeleniumLocatorsDemo2@20ccf40b]" started-at="2023-06-30T20:21:40 IST" name="locatorsDemo" finished-at="2023-06-30T20:21:51 IST" duration-ms="10782" status="PASS">
          <reporter-output>
          </reporter-output>
        </test-method> <!-- locatorsDemo -->
        <test-method is-config="true" signature="afterMethod()[pri:0, instance:com.selenium.demo.SeleniumLocatorsDemo2@20ccf40b]" started-at="2023-06-30T20:21:51 IST" name="afterMethod" finished-at="2023-06-30T20:21:52 IST" duration-ms="924" status="PASS">
          <reporter-output>
          </reporter-output>
        </test-method> <!-- afterMethod -->
      </class> <!-- com.selenium.demo.SeleniumLocatorsDemo2 -->
    </test> <!-- Default test -->
  </suite> <!-- Default suite -->
</testng-results>
