<?xml version="1.0" encoding="UTF-8"?>
<testng-results ignored="0" total="1" passed="1" failed="0" skipped="0">
  <reporter-output>
  </reporter-output>
  <suite started-at="2023-07-13T20:35:00 IST" name="Default suite" finished-at="2023-07-13T20:35:53 IST" duration-ms="53437">
    <groups>
    </groups>
    <test started-at="2023-07-13T20:35:00 IST" name="Default test" finished-at="2023-07-13T20:35:53 IST" duration-ms="53437">
      <class name="com.testng.demo.SeleniumMethodsDemo4">
        <test-method is-config="true" signature="beforeMethod()[pri:0, instance:com.testng.demo.SeleniumMethodsDemo4@2fb3536e]" started-at="2023-07-13T20:35:00 IST" name="beforeMethod" finished-at="2023-07-13T20:35:03 IST" duration-ms="3603" status="PASS">
          <reporter-output>
          </reporter-output>
        </test-method> <!-- beforeMethod -->
        <test-method signature="launchApp()[pri:0, instance:com.testng.demo.SeleniumMethodsDemo4@2fb3536e]" started-at="2023-07-13T20:35:03 IST" name="launchApp" finished-at="2023-07-13T20:35:52 IST" duration-ms="48768" status="PASS">
          <reporter-output>
          </reporter-output>
        </test-method> <!-- launchApp -->
        <test-method is-config="true" signature="afterMethod()[pri:0, instance:com.testng.demo.SeleniumMethodsDemo4@2fb3536e]" started-at="2023-07-13T20:35:52 IST" name="afterMethod" finished-at="2023-07-13T20:35:53 IST" duration-ms="997" status="PASS">
          <reporter-output>
          </reporter-output>
        </test-method> <!-- afterMethod -->
      </class> <!-- com.testng.demo.SeleniumMethodsDemo4 -->
    </test> <!-- Default test -->
  </suite> <!-- Default suite -->
</testng-results>
