<?xml version="1.0" encoding="UTF-8"?>
<testng-results ignored="0" total="1" passed="1" failed="0" skipped="0">
  <reporter-output>
  </reporter-output>
  <suite started-at="2023-06-29T20:35:33 IST" name="Default suite" finished-at="2023-06-29T20:35:56 IST" duration-ms="23471">
    <groups>
    </groups>
    <test started-at="2023-06-29T20:35:33 IST" name="Default test" finished-at="2023-06-29T20:35:56 IST" duration-ms="23471">
      <class name="com.selenium.demo.SeleniumLocatorsDemo">
        <test-method is-config="true" signature="beforeMethod()[pri:0, instance:com.selenium.demo.SeleniumLocatorsDemo@20ccf40b]" started-at="2023-06-29T20:35:33 IST" name="beforeMethod" finished-at="2023-06-29T20:35:37 IST" duration-ms="4092" status="PASS">
          <reporter-output>
          </reporter-output>
        </test-method> <!-- beforeMethod -->
        <test-method signature="locatorsDemo()[pri:0, instance:com.selenium.demo.SeleniumLocatorsDemo@20ccf40b]" started-at="2023-06-29T20:35:37 IST" name="locatorsDemo" finished-at="2023-06-29T20:35:55 IST" duration-ms="18214" status="PASS">
          <reporter-output>
          </reporter-output>
        </test-method> <!-- locatorsDemo -->
        <test-method is-config="true" signature="afterMethod()[pri:0, instance:com.selenium.demo.SeleniumLocatorsDemo@20ccf40b]" started-at="2023-06-29T20:35:55 IST" name="afterMethod" finished-at="2023-06-29T20:35:56 IST" duration-ms="1108" status="PASS">
          <reporter-output>
          </reporter-output>
        </test-method> <!-- afterMethod -->
      </class> <!-- com.selenium.demo.SeleniumLocatorsDemo -->
    </test> <!-- Default test -->
  </suite> <!-- Default suite -->
</testng-results>
